

*******************************************************************************
Sun Apr 12 16:30:17 2020


FIT:    data read from "neighbours.txt" using 1:2
        format = x:z
        #datapoints = 599
        residuals are weighted equally (unit weight)

function used for fitting: t(x)
	t(n) = b * n + c
fitted parameters initialized with current variable values

iter      chisq       delta/lim  lambda   b             c            
   0 5.7026171530e+11   0.00e+00  2.45e+02    1.000000e+00   1.000000e+00
   5 1.6358663587e+11  -2.19e-05  2.45e-03   -4.905162e+01   3.959328e+04

After 5 iterations the fit converged.
final sum of squares of residuals : 1.63587e+11
rel. change during last iteration : -2.1872e-10

degrees of freedom    (FIT_NDF)                        : 597
rms of residuals      (FIT_STDFIT) = sqrt(WSSR/ndf)    : 16553.4
variance of residuals (reduced chisquare) = WSSR/ndf   : 2.74014e+08

Final set of parameters            Asymptotic Standard Error
=======================            ==========================
b               = -49.0516         +/- 3.911        (7.974%)
c               = 39593.3          +/- 1354         (3.421%)

correlation matrix of the fit parameters:
                b      c      
b               1.000 
c              -0.866  1.000 


*******************************************************************************
Sun Apr 12 19:45:25 2020


FIT:    data read from "neighbours.txt" using 1:2
        format = x:z
        #datapoints = 599
        residuals are weighted equally (unit weight)

function used for fitting: t(x)
	t(n) = b * n + c
fitted parameters initialized with current variable values

iter      chisq       delta/lim  lambda   b             c            
   0 3.3783352488e+13   0.00e+00  2.45e+02    1.000000e+00   1.000000e+00
   4 3.3469775976e+13  -3.91e-01  2.45e-02   -2.560931e+01   3.039637e+04

After 4 iterations the fit converged.
final sum of squares of residuals : 3.34698e+13
rel. change during last iteration : -3.91474e-06

degrees of freedom    (FIT_NDF)                        : 597
rms of residuals      (FIT_STDFIT) = sqrt(WSSR/ndf)    : 236777
variance of residuals (reduced chisquare) = WSSR/ndf   : 5.60633e+10

Final set of parameters            Asymptotic Standard Error
=======================            ==========================
b               = -25.6093         +/- 55.95        (218.5%)
c               = 30396.4          +/- 1.937e+04    (63.74%)

correlation matrix of the fit parameters:
                b      c      
b               1.000 
c              -0.866  1.000 
